<?xml version="1.0" encoding="UTF-8"?>
<!-- Generated by org.testng.reporters.JUnitReportReporter -->
<testsuite skipped="0" hostname="DESKTOP-OB90OE0" name="com.loekautomation.Login" tests="6" failures="0" timestamp="09 Aug 2020 20:17:32 GMT" time="23.519" errors="0">
  <testcase name="fail" time="0.004" classname="com.loekautomation.Login"/>
  <testcase name="warning" time="0.004" classname="com.loekautomation.Login"/>
  <testcase name="Login_Into_TestEnvironment" time="23.487" classname="com.loekautomation.Login"/>
  <testcase name="error" time="0.012" classname="com.loekautomation.Login"/>
  <testcase name="skip" time="0.004" classname="com.loekautomation.Login"/>
  <testcase name="fatal" time="0.008" classname="com.loekautomation.Login"/>
</testsuite> <!-- com.loekautomation.Login -->
