<?xml version="1.0" encoding="UTF-8"?>
<!-- Generated by org.testng.reporters.JUnitReportReporter -->
<testsuite skipped="0" hostname="DESKTOP-OB90OE0" name="com.loekautomation.reload" tests="1" failures="0" timestamp="14 Aug 2020 15:09:12 GMT" time="7532.235" errors="0">
  <testcase name="f" time="7532.235" classname="com.loekautomation.reload"/>
</testsuite> <!-- com.loekautomation.reload -->
